2021-03-21 19:52:57,613 - pyswarms.single.global_best - INFO - Optimize for 200 iters with {'c1': 0.5, 'c2': 0.3, 'w': 0.9}
2021-03-21 19:53:02,900 - pyswarms.single.global_best - INFO - Optimization finished | best cost: 75.96167335400955, best pos: [-3.59858574 20.52413384 15.00812664 23.40092355]
2021-03-21 19:53:18,640 - pyswarms.single.global_best - INFO - Optimize for 200 iters with {'c1': 0.5, 'c2': 0.3, 'w': 0.9}
2021-03-21 19:53:20,489 - pyswarms.single.global_best - INFO - Optimization finished | best cost: 206.42654975361043, best pos: [3.43050776e+00 5.37996023e-03 5.61750336e+00 1.53307751e+00]
2021-03-21 19:53:24,475 - pyswarms.single.global_best - INFO - Optimize for 200 iters with {'c1': 0.5, 'c2': 0.3, 'w': 0.9}
2021-03-21 19:53:26,309 - pyswarms.single.global_best - INFO - Optimization finished | best cost: 206.42654975361043, best pos: [3.43050776e+00 5.37996023e-03 5.61750336e+00 1.53307751e+00]
2021-03-21 19:53:31,806 - pyswarms.single.global_best - INFO - Optimize for 200 iters with {'c1': 0.5, 'c2': 0.3, 'w': 0.9}
2021-03-21 19:53:35,441 - pyswarms.single.global_best - INFO - Optimization finished | best cost: 75.99023987843, best pos: [-3.17699703 20.46002918 15.11998494 24.39289044]
2021-03-21 19:54:21,350 - pyswarms.single.global_best - INFO - Optimize for 200 iters with {'c1': 0.5, 'c2': 0.3, 'w': 0.9}
2021-03-21 19:54:23,219 - pyswarms.single.global_best - INFO - Optimization finished | best cost: 176.7805148460956, best pos: [2.92455158e+00 1.46281631e-05 3.29806389e+00 1.51038610e+00]
2021-03-21 19:54:27,571 - pyswarms.single.global_best - INFO - Optimize for 200 iters with {'c1': 0.5, 'c2': 0.3, 'w': 0.9}
2021-03-21 19:54:29,394 - pyswarms.single.global_best - INFO - Optimization finished | best cost: 105.92896796773624, best pos: [-2.43833484 30.81687052  8.65773979 10.38293654]
2021-03-21 19:54:38,205 - pyswarms.single.global_best - INFO - Optimize for 200 iters with {'c1': 0.5, 'c2': 0.3, 'w': 0.9}
2021-03-21 19:54:40,034 - pyswarms.single.global_best - INFO - Optimization finished | best cost: 197.358701041428, best pos: [2.57562187e+00 3.11926557e-03 4.73484265e+00 1.78625278e+00]
2021-03-21 19:54:42,686 - pyswarms.single.global_best - INFO - Optimize for 200 iters with {'c1': 0.5, 'c2': 0.3, 'w': 0.9}
2021-03-21 19:54:44,493 - pyswarms.single.global_best - INFO - Optimization finished | best cost: 197.358701041428, best pos: [2.57562187e+00 3.11926557e-03 4.73484265e+00 1.78625278e+00]
2021-03-21 20:26:43,570 - pyswarms.single.global_best - INFO - Optimize for 200 iters with {'c1': 0.5, 'c2': 0.3, 'w': 0.9}
2021-03-21 20:26:45,425 - pyswarms.single.global_best - INFO - Optimization finished | best cost: 192.7644579110956, best pos: [-0.96203747 48.54814564  7.75084379  2.02224838]
2021-03-21 20:32:14,591 - pyswarms.single.global_best - INFO - Optimize for 200 iters with {'c1': 0.5, 'c2': 0.3, 'w': 0.9}
2021-03-21 20:32:16,561 - pyswarms.single.global_best - INFO - Optimization finished | best cost: 313.67629440429903, best pos: [4.29303926e+00 4.72704790e-06 4.01541514e+00 2.32469772e-01]
2021-03-21 20:33:17,084 - pyswarms.single.global_best - INFO - Optimize for 200 iters with {'c1': 0.5, 'c2': 0.3, 'w': 0.9}
2021-03-21 20:33:19,057 - pyswarms.single.global_best - INFO - Optimization finished | best cost: 313.67629440429903, best pos: [4.29303926e+00 4.72704790e-06 4.01541514e+00 2.32469772e-01]
2021-03-21 20:33:43,528 - pyswarms.single.global_best - INFO - Optimize for 200 iters with {'c1': 0.5, 'c2': 0.3, 'w': 0.9}
2021-03-21 20:33:45,414 - pyswarms.single.global_best - INFO - Optimization finished | best cost: 311.7747781495808, best pos: [4.58235238e+00 9.68287992e-06 3.94703386e+00 1.11276268e+00]
2021-03-21 20:33:55,091 - pyswarms.single.global_best - INFO - Optimize for 200 iters with {'c1': 0.5, 'c2': 0.3, 'w': 0.9}
2021-03-21 20:33:56,997 - pyswarms.single.global_best - INFO - Optimization finished | best cost: 266.01712140664216, best pos: [-0.52984806 54.47931468  9.61644637  1.51920436]
2021-03-21 20:34:56,299 - pyswarms.single.global_best - INFO - Optimize for 200 iters with {'c1': 0.5, 'c2': 0.3, 'w': 0.9}
2021-03-21 20:34:58,223 - pyswarms.single.global_best - INFO - Optimization finished | best cost: 161.9650131310291, best pos: [-0.28165069 47.55610747  3.49552905  1.36034236]
2021-03-21 20:35:23,854 - pyswarms.single.global_best - INFO - Optimize for 200 iters with {'c1': 0.5, 'c2': 0.3, 'w': 0.9}
2021-03-21 20:35:25,717 - pyswarms.single.global_best - INFO - Optimization finished | best cost: 120.9426700768739, best pos: [-0.6778768  40.67766367  3.36520254  4.77180347]
2021-03-21 20:38:47,528 - pyswarms.single.global_best - INFO - Optimize for 200 iters with {'c1': 0.5, 'c2': 0.3, 'w': 0.9}
2021-03-21 20:38:49,417 - pyswarms.single.global_best - INFO - Optimization finished | best cost: 113.04167481148816, best pos: [-0.45814606 40.84822121  3.26497359 16.42826462]
2021-03-21 20:39:09,798 - pyswarms.single.global_best - INFO - Optimize for 200 iters with {'c1': 0.5, 'c2': 0.3, 'w': 0.9}
2021-03-21 20:39:11,711 - pyswarms.single.global_best - INFO - Optimization finished | best cost: 425.2487693292404, best pos: [3.19551557e+00 1.02319089e-02 1.30272762e+01 1.36928732e+00]
2021-03-21 20:39:19,317 - pyswarms.single.global_best - INFO - Optimize for 200 iters with {'c1': 0.5, 'c2': 0.3, 'w': 0.9}
2021-03-21 20:39:24,839 - pyswarms.single.global_best - INFO - Optimization finished | best cost: 175.39547339737874, best pos: [-0.56993215 40.12890886 30.53209035 48.89771085]
2021-03-21 20:39:41,093 - pyswarms.single.global_best - INFO - Optimize for 200 iters with {'c1': 0.5, 'c2': 0.3, 'w': 0.9}
2021-03-21 20:39:47,604 - pyswarms.single.global_best - INFO - Optimization finished | best cost: 821.2858828311355, best pos: [-0.05762741  1.71909772 44.8667327   2.09593358]
2021-03-21 20:40:22,218 - pyswarms.single.global_best - INFO - Optimize for 200 iters with {'c1': 0.5, 'c2': 0.3, 'w': 0.9}
2021-03-21 20:40:28,678 - pyswarms.single.global_best - INFO - Optimization finished | best cost: 821.2858828311355, best pos: [-0.05762741  1.71909772 44.8667327   2.09593358]
2021-03-21 20:40:41,567 - pyswarms.single.global_best - INFO - Optimize for 200 iters with {'c1': 0.5, 'c2': 0.3, 'w': 0.9}
2021-03-21 20:40:47,649 - pyswarms.single.global_best - INFO - Optimization finished | best cost: 597.4105285007599, best pos: [-0.06331628 10.59618152 44.91997171  2.72064658]
2021-03-21 20:41:12,690 - pyswarms.single.global_best - INFO - Optimize for 200 iters with {'c1': 0.5, 'c2': 0.3, 'w': 0.9}
2021-03-21 20:41:18,800 - pyswarms.single.global_best - INFO - Optimization finished | best cost: 534.312803307774, best pos: [-0.2076908  40.45065862 30.18195423  5.3635398 ]
2021-03-21 20:41:48,082 - pyswarms.single.global_best - INFO - Optimize for 200 iters with {'c1': 0.5, 'c2': 0.3, 'w': 0.9}
2021-03-21 20:41:54,300 - pyswarms.single.global_best - INFO - Optimization finished | best cost: 303.5917276914362, best pos: [-0.16580143 42.63437627  3.13176546  5.63803378]
2021-03-23 12:42:06,753 - pyswarms.single.global_best - INFO - Optimize for 100 iters with {'c1': 1.5, 'c2': 0.3, 'w': 0.9}
2021-03-23 12:42:08,144 - pyswarms.single.global_best - INFO - Optimization finished | best cost: 930.0406818048953, best pos: [-9.41448061  0.86217452  3.92790407 99.43711551]
2021-03-23 12:42:08,149 - pyswarms.single.local_best - INFO - Optimize for 100 iters with {'c1': 1.5, 'c2': 0.3, 'w': 0.9, 'k': 5, 'p': 1}
2021-03-23 12:42:09,496 - pyswarms.single.local_best - INFO - Optimization finished | best cost: 930.0698134511869, best pos: [-9.4959361   0.86174445  3.91835675 91.70156698]
2021-03-23 12:42:19,289 - pyswarms.single.global_best - INFO - Optimize for 100 iters with {'c1': 1.5, 'c2': 0.3, 'w': 0.9}
2021-03-23 12:42:20,783 - pyswarms.single.global_best - INFO - Optimization finished | best cost: 941.2774814392599, best pos: [ 5.78716969  0.43898368  6.23375926 27.06953019]
2021-03-23 12:42:20,790 - pyswarms.single.local_best - INFO - Optimize for 100 iters with {'c1': 1.5, 'c2': 0.3, 'w': 0.9, 'k': 5, 'p': 1}
2021-03-23 12:42:22,144 - pyswarms.single.local_best - INFO - Optimization finished | best cost: 941.2948816914977, best pos: [ 5.84417599  0.43512608  6.17998118 28.77280904]
2021-03-23 12:43:09,353 - pyswarms.single.global_best - INFO - Optimize for 100 iters with {'c1': 1.5, 'c2': 0.3, 'w': 0.9}
2021-03-23 12:43:10,694 - pyswarms.single.global_best - INFO - Optimization finished | best cost: 941.586823180892, best pos: [-8.2070964   0.85409164  3.94421834 71.16209345]
2021-03-23 12:43:10,698 - pyswarms.single.local_best - INFO - Optimize for 100 iters with {'c1': 1.5, 'c2': 0.3, 'w': 0.9, 'k': 5, 'p': 1}
2021-03-23 12:43:12,058 - pyswarms.single.local_best - INFO - Optimization finished | best cost: 941.593921491981, best pos: [-8.25575128  0.85395772  3.93799213 78.96012166]
2021-03-23 12:43:54,854 - pyswarms.single.global_best - INFO - Optimize for 100 iters with {'c1': 1.5, 'c2': 0.3, 'w': 0.9}
2021-03-23 12:43:56,290 - pyswarms.single.global_best - INFO - Optimization finished | best cost: 543.2513575534672, best pos: [1.61816985 0.97811783 1.57062393 2.36994762]
2021-03-23 12:43:56,296 - pyswarms.single.local_best - INFO - Optimize for 100 iters with {'c1': 1.5, 'c2': 0.3, 'w': 0.9, 'k': 5, 'p': 1}
2021-03-23 12:43:57,649 - pyswarms.single.local_best - INFO - Optimization finished | best cost: 543.2471838289059, best pos: [1.59818741 0.98634702 1.56807093 2.33132027]
2021-03-23 12:45:08,706 - pyswarms.single.global_best - INFO - Optimize for 100 iters with {'c1': 1.5, 'c2': 0.3, 'w': 0.9}
2021-03-23 12:45:10,044 - pyswarms.single.global_best - INFO - Optimization finished | best cost: 528.9164929923394, best pos: [1.72977968 0.9855629  1.6109532  3.15357667]
2021-03-23 12:45:10,049 - pyswarms.single.local_best - INFO - Optimize for 100 iters with {'c1': 1.5, 'c2': 0.3, 'w': 0.9, 'k': 5, 'p': 1}
2021-03-23 12:45:11,379 - pyswarms.single.local_best - INFO - Optimization finished | best cost: 529.4975981194432, best pos: [1.66037108 0.77042755 1.23903043 3.07053142]
2021-03-23 12:45:28,221 - pyswarms.single.global_best - INFO - Optimize for 100 iters with {'c1': 1.5, 'c2': 0.3, 'w': 0.9}
2021-03-23 12:45:29,211 - pyswarms.single.global_best - INFO - Optimization finished | best cost: 243.119319464663, best pos: [ 6.13920671  0.36423406  5.4850587  13.99504539]
2021-03-23 12:45:29,214 - pyswarms.single.local_best - INFO - Optimize for 100 iters with {'c1': 1.5, 'c2': 0.3, 'w': 0.9, 'k': 5, 'p': 1}
2021-03-23 12:45:30,180 - pyswarms.single.local_best - INFO - Optimization finished | best cost: 244.05043889255919, best pos: [ 4.55662039  0.46720263  6.53494369 12.92881815]
2021-03-23 12:45:35,863 - pyswarms.single.global_best - INFO - Optimize for 100 iters with {'c1': 1.5, 'c2': 0.3, 'w': 0.9}
2021-03-23 12:45:37,173 - pyswarms.single.global_best - INFO - Optimization finished | best cost: 934.4632016647727, best pos: [-8.06780039  0.86480969  3.99208747 99.57533725]
2021-03-23 12:45:37,177 - pyswarms.single.local_best - INFO - Optimize for 100 iters with {'c1': 1.5, 'c2': 0.3, 'w': 0.9, 'k': 5, 'p': 1}
2021-03-23 12:45:38,481 - pyswarms.single.local_best - INFO - Optimization finished | best cost: 936.6773183866724, best pos: [-8.74014555  0.86961186  3.93652039 34.43462068]
2021-03-23 12:45:55,697 - pyswarms.single.global_best - INFO - Optimize for 100 iters with {'c1': 1.5, 'c2': 0.3, 'w': 0.9}
2021-03-23 12:45:57,162 - pyswarms.single.global_best - INFO - Optimization finished | best cost: 935.3719739179769, best pos: [ 5.95249104  0.42788151  6.21337856 27.44653828]
2021-03-23 12:45:57,168 - pyswarms.single.local_best - INFO - Optimize for 100 iters with {'c1': 1.5, 'c2': 0.3, 'w': 0.9, 'k': 5, 'p': 1}
2021-03-23 12:45:58,704 - pyswarms.single.local_best - INFO - Optimization finished | best cost: 936.6743879730949, best pos: [ 5.55896684  0.45345015  6.48044036 18.10549396]
2021-03-23 12:49:19,154 - pyswarms.single.global_best - INFO - Optimize for 100 iters with {'c1': 1.5, 'c2': 0.3, 'w': 0.9}
2021-03-23 12:49:20,549 - pyswarms.single.global_best - INFO - Optimization finished | best cost: 929.4313958885887, best pos: [ 5.81007167  0.43282769  6.24498816 21.48001311]
2021-03-23 12:49:20,554 - pyswarms.single.local_best - INFO - Optimize for 200 iters with {'c1': 1.5, 'c2': 0.3, 'w': 0.9, 'k': 5, 'p': 1}
2021-03-23 12:49:23,150 - pyswarms.single.local_best - INFO - Optimization finished | best cost: 929.431344423557, best pos: [ 5.81196735  0.43269703  6.24463709 21.03551137]
2021-03-23 12:51:41,983 - pyswarms.single.global_best - INFO - Optimize for 100 iters with {'c1': 1.5, 'c2': 0.3, 'w': 0.9}
2021-03-23 12:51:42,986 - pyswarms.single.global_best - INFO - Optimization finished | best cost: 250.12054595717223, best pos: [ 7.50414862  0.35957479  5.96391077 20.22267151]
2021-03-23 12:51:42,990 - pyswarms.single.local_best - INFO - Optimize for 200 iters with {'c1': 1.5, 'c2': 0.3, 'w': 0.9, 'k': 5, 'p': 1}
2021-03-23 12:51:44,921 - pyswarms.single.local_best - INFO - Optimization finished | best cost: 250.12054790852835, best pos: [ 7.50515361  0.35959946  5.96417156 20.65434404]
2021-03-23 12:52:00,640 - pyswarms.single.global_best - INFO - Optimize for 150 iters with {'c1': 1.5, 'c2': 0.3, 'w': 0.9}
2021-03-23 12:52:02,076 - pyswarms.single.global_best - INFO - Optimization finished | best cost: 254.17178787995857, best pos: [ 6.95437037  0.37354829  5.79892095 12.67905357]
2021-03-23 12:52:02,079 - pyswarms.single.local_best - INFO - Optimize for 150 iters with {'c1': 1.5, 'c2': 0.3, 'w': 0.9, 'k': 5, 'p': 1}
2021-03-23 12:52:03,524 - pyswarms.single.local_best - INFO - Optimization finished | best cost: 254.17289343441874, best pos: [ 6.98660532  0.37256578  5.777489   12.7178373 ]
2021-03-23 12:52:27,734 - pyswarms.single.global_best - INFO - Optimize for 150 iters with {'c1': 1.5, 'c2': 0.3, 'w': 0.9}
2021-03-23 12:52:29,199 - pyswarms.single.global_best - INFO - Optimization finished | best cost: 238.44400792534577, best pos: [ 6.43228262  0.38961785  6.11426411 14.48245281]
2021-03-23 12:52:29,202 - pyswarms.single.local_best - INFO - Optimize for 150 iters with {'c1': 1.5, 'c2': 0.3, 'w': 0.9, 'k': 5, 'p': 1}
2021-03-23 12:52:30,681 - pyswarms.single.local_best - INFO - Optimization finished | best cost: 238.4440320290224, best pos: [ 6.4320372   0.38948234  6.11152338 14.5695076 ]
2021-03-23 12:54:34,841 - pyswarms.single.global_best - INFO - Optimize for 150 iters with {'c1': 1.5, 'c2': 0.3, 'w': 0.9}
2021-03-23 12:54:36,879 - pyswarms.single.global_best - INFO - Optimization finished | best cost: 961.8264262689963, best pos: [ 5.92640992  0.42504928  6.23199303 26.34547018]
2021-03-23 12:54:36,884 - pyswarms.single.local_best - INFO - Optimize for 150 iters with {'c1': 1.5, 'c2': 0.3, 'w': 0.9, 'k': 5, 'p': 1}
2021-03-23 12:54:38,907 - pyswarms.single.local_best - INFO - Optimization finished | best cost: 961.8351201288244, best pos: [ 5.91134618  0.42615715  6.24899096 27.05444802]
2021-03-23 12:55:29,440 - pyswarms.single.global_best - INFO - Optimize for 150 iters with {'c1': 1.5, 'c2': 0.3, 'w': 0.9}
2021-03-23 12:55:31,402 - pyswarms.single.global_best - INFO - Optimization finished | best cost: 945.1701948537866, best pos: [ 5.83268972  0.44142727  6.34602443 22.27589905]
2021-03-23 12:55:31,407 - pyswarms.single.local_best - INFO - Optimize for 150 iters with {'c1': 1.5, 'c2': 0.3, 'w': 0.9, 'k': 5, 'p': 1}
2021-03-23 12:55:33,385 - pyswarms.single.local_best - INFO - Optimization finished | best cost: 945.2051513509532, best pos: [ 5.8170787   0.44536047  6.41341294 21.62904302]
2021-03-23 12:57:11,379 - pyswarms.single.global_best - INFO - Optimize for 150 iters with {'c1': 1.5, 'c2': 0.3, 'w': 0.9}
2021-03-23 12:57:13,346 - pyswarms.single.global_best - INFO - Optimization finished | best cost: 932.6865130130137, best pos: [-9.92586059  0.86332534  3.89680157 66.95209244]
2021-03-23 12:57:13,351 - pyswarms.single.local_best - INFO - Optimize for 150 iters with {'c1': 1.5, 'c2': 0.3, 'w': 0.9, 'k': 5, 'p': 1}
2021-03-23 12:57:15,366 - pyswarms.single.local_best - INFO - Optimization finished | best cost: 932.6877307853354, best pos: [-9.92785242  0.86325544  3.89817677 68.30561792]
2021-03-23 12:57:55,536 - pyswarms.single.global_best - INFO - Optimize for 150 iters with {'c1': 1.5, 'c2': 0.3, 'w': 0.9}
2021-03-23 12:57:57,460 - pyswarms.single.global_best - INFO - Optimization finished | best cost: 534.6553007374766, best pos: [1.70311433 0.9898266  1.60038096 2.15738734]
2021-03-23 12:57:57,465 - pyswarms.single.local_best - INFO - Optimize for 150 iters with {'c1': 1.5, 'c2': 0.3, 'w': 0.9, 'k': 5, 'p': 1}
2021-03-23 12:57:59,418 - pyswarms.single.local_best - INFO - Optimization finished | best cost: 534.6669267955333, best pos: [1.70900386 0.95700013 1.55921544 2.53024288]
2021-03-23 12:58:29,779 - pyswarms.single.global_best - INFO - Optimize for 150 iters with {'c1': 1.5, 'c2': 0.3, 'w': 0.9}
2021-03-23 12:58:31,215 - pyswarms.single.global_best - INFO - Optimization finished | best cost: 235.155207943271, best pos: [ 6.82521236  0.3423279   5.48175361 22.2611984 ]
2021-03-23 12:58:31,218 - pyswarms.single.local_best - INFO - Optimize for 150 iters with {'c1': 1.5, 'c2': 0.3, 'w': 0.9, 'k': 5, 'p': 1}
2021-03-23 12:58:32,673 - pyswarms.single.local_best - INFO - Optimization finished | best cost: 235.16057496851795, best pos: [ 6.85438281  0.34110024  5.49576939 23.28387289]
2021-03-23 12:59:24,966 - pyswarms.single.global_best - INFO - Optimize for 150 iters with {'c1': 1.5, 'c2': 0.3, 'w': 0.9}
2021-03-23 12:59:26,494 - pyswarms.single.global_best - INFO - Optimization finished | best cost: 244.75173325067365, best pos: [-7.10614803  0.85794119  4.08497207 35.15700236]
2021-03-23 12:59:26,497 - pyswarms.single.local_best - INFO - Optimize for 150 iters with {'c1': 1.5, 'c2': 0.3, 'w': 0.9, 'k': 5, 'p': 1}
2021-03-23 12:59:27,961 - pyswarms.single.local_best - INFO - Optimization finished | best cost: 245.50098311558284, best pos: [-3.94933788  0.83926972  4.49117979 69.38560628]
2021-03-23 13:00:26,265 - pyswarms.single.global_best - INFO - Optimize for 150 iters with {'c1': 1.5, 'c2': 0.3, 'w': 0.9}
2021-03-23 13:00:27,709 - pyswarms.single.global_best - INFO - Optimization finished | best cost: 145.27403061732056, best pos: [3.39852735 0.21409204 0.8208548  0.70916827]
2021-03-23 13:00:27,712 - pyswarms.single.local_best - INFO - Optimize for 150 iters with {'c1': 1.5, 'c2': 0.3, 'w': 0.9, 'k': 5, 'p': 1}
2021-03-23 13:00:29,166 - pyswarms.single.local_best - INFO - Optimization finished | best cost: 145.1649299979935, best pos: [5.02745096 0.16453814 0.74038856 1.80080936]
2021-03-23 13:00:35,123 - pyswarms.single.global_best - INFO - Optimize for 150 iters with {'c1': 1.5, 'c2': 0.3, 'w': 0.9}
2021-03-23 13:00:36,561 - pyswarms.single.global_best - INFO - Optimization finished | best cost: 139.5569737333739, best pos: [3.37322313 0.28870329 0.82218714 3.06315536]
2021-03-23 13:00:36,564 - pyswarms.single.local_best - INFO - Optimize for 150 iters with {'c1': 1.5, 'c2': 0.3, 'w': 0.9, 'k': 5, 'p': 1}
2021-03-23 13:00:38,018 - pyswarms.single.local_best - INFO - Optimization finished | best cost: 139.55984410397568, best pos: [3.227033   0.29190771 0.82434038 3.25454441]
